
Showing logs for build [32mcb-kubecd-environment-pr-191-74-sdmkq-1[0m stage [32mfrom-build-pack[0m and container [32mstep-credential-initializer-v6tf4[0m
{"level":"warn","ts":1585410422.0970826,"logger":"fallback-logger","caller":"logging/config.go:69","msg":"Fetch GitHub commit ID from kodata failed: \"ref: refs/heads/0.8.0-**-support-backwards-incompats\" is not a valid GitHub commit ID"}
{"level":"info","ts":1585410422.0977364,"logger":"fallback-logger","caller":"creds-init/main.go:40","msg":"Credentials initialized."}

Showing logs for build [32mcb-kubecd-environment-pr-191-74-sdmkq-1[0m stage [32mfrom-build-pack[0m and container [32mstep-working-dir-initializer-d8z6m[0m
{"level":"warn","ts":1585410423.3966386,"logger":"fallback-logger","caller":"logging/config.go:69","msg":"Fetch GitHub commit ID from kodata failed: open /var/run/ko/HEAD: no such file or directory"}
{"level":"info","ts":1585410423.3983078,"logger":"fallback-logger","caller":"bash/main.go:64","msg":"Successfully executed command \"sh -c mkdir -p /workspace/source\"; output "}

Showing logs for build [32mcb-kubecd-environment-pr-191-74-sdmkq-1[0m stage [32mfrom-build-pack[0m and container [32mstep-place-tools[0m

Showing logs for build [32mcb-kubecd-environment-pr-191-74-sdmkq-1[0m stage [32mfrom-build-pack[0m and container [32mstep-git-source-cb-kubecd-environment-pr-191-74-sdmkq-v2t5d[0m
{"level":"warn","ts":1585410427.248548,"logger":"fallback-logger","caller":"logging/config.go:69","msg":"Fetch GitHub commit ID from kodata failed: \"ref: refs/heads/0.8.0-**-support-backwards-incompats\" is not a valid GitHub commit ID"}
{"level":"info","ts":1585410428.5049586,"logger":"fallback-logger","caller":"git/git.go:103","msg":"Successfully cloned https://github.com/cb-kubecd/environment-pr-191-74-boot-vault-gke-staging.git @ master in path /workspace/source"}

Showing logs for build [32mcb-kubecd-environment-pr-191-74-sdmkq-1[0m stage [32mfrom-build-pack[0m and container [32mstep-git-merge[0m
Using SHAs from PULL_REFS=master:789d925eda173b529fe8a5c0b6ebe2e779604fbd,4:d80aba5b0606f62b08729d22c70e63d6c62f92da
DEBUG: JX_LOG_LEVEL=error LC_ALL=C git fetch origin --unshallow d80aba5b0606f62b08729d22c70e63d6c62f92da: 789d925eda173b529fe8a5c0b6ebe2e779604fbd:
DEBUG: ran git fetch --unshallow origin d80aba5b0606f62b08729d22c70e63d6c62f92da: 789d925eda173b529fe8a5c0b6ebe2e779604fbd: in 
DEBUG: LC_ALL=C JX_LOG_LEVEL=error git branch
DEBUG: LC_ALL=C JX_LOG_LEVEL=error git checkout master
DEBUG: ran git checkout master in 
DEBUG: LC_ALL=C JX_LOG_LEVEL=error git reset --hard 789d925eda173b529fe8a5c0b6ebe2e779604fbd
DEBUG: ran git reset --hard 789d925eda173b529fe8a5c0b6ebe2e779604fbd in 
DEBUG: LC_ALL=C JX_LOG_LEVEL=error git clean -fd .
DEBUG: ran clean --force -d . in 
DEBUG: LC_ALL=C JX_LOG_LEVEL=error git merge d80aba5b0606f62b08729d22c70e63d6c62f92da
DEBUG: ran git merge d80aba5b0606f62b08729d22c70e63d6c62f92da in 
DEBUG: LC_ALL=C JX_LOG_LEVEL=error git log --format=%H%x1f%an%x1f%ae%x1f%cn%x1f%ce%x1f%s%n%b%x1e 789d925eda173b529fe8a5c0b6ebe2e779604fbd..HEAD
Merged SHA d80aba5b0606f62b08729d22c70e63d6c62f92da with commit message 'chore: Promote bdd-nh-1585407807 to version 0.0.1' into base branch master

Showing logs for build [32mcb-kubecd-environment-pr-191-74-sdmkq-1[0m stage [32mfrom-build-pack[0m and container [32mstep-build-helm-build[0m
WARNING: No $CHART_REPOSITORY defined so using the default value of: http://jenkins-x-chartmuseum:8080
Adding missing Helm repo: storage.googleapis.com https://storage.googleapis.com/chartmuseum.jenkins-x.io
WARNING: No secrets found on "helm/repos" due: reading the secret "helm/repos" from vault: no secret "helm/repos" not found in vault
Read credentials for https://storage.googleapis.com/chartmuseum.jenkins-x.io from vault helm/repos
Successfully added Helm repository storage.googleapis.com.
Adding missing Helm repo: jenkins-x-chartmuseum http://jenkins-x-chartmuseum:8080
WARNING: No secrets found on "helm/repos" due: reading the secret "helm/repos" from vault: no secret "helm/repos" not found in vault
Read credentials for http://jenkins-x-chartmuseum:8080 from vault helm/repos
Successfully added Helm repository jenkins-x-chartmuseum.
WARNING: No $CHART_REPOSITORY defined so using the default value of: http://jenkins-x-chartmuseum:8080
Adding missing Helm repo: chartmuseum.jenkins-x.io http://chartmuseum.jenkins-x.io
WARNING: No secrets found on "helm/repos" due: reading the secret "helm/repos" from vault: no secret "helm/repos" not found in vault
Read credentials for http://chartmuseum.jenkins-x.io from vault helm/repos
Successfully added Helm repository chartmuseum.jenkins-x.io.
